<?xml version="1.0" encoding="UTF-8" ?>
<testsuite tests="55" failures="3" name="info.bliki.wiki.filter.TemplateFilterTest" time="0.382" errors="0" skipped="0">
  <properties>
[...]
</properties>
  <testcase classname="info.bliki.wiki.filter.TemplateFilterTest" name="testTemplateParameter13" time="0.009"/>
  <testcase classname="info.bliki.wiki.filter.TemplateFilterTest" name="testParserFunctionLC001" time="0.002"/>
  <testcase classname="info.bliki.wiki.filter.TemplateFilterTest" name="testTemplateCall4" time="0"/>
  <testcase classname="info.bliki.wiki.filter.TemplateFilterTest" name="testInvalidNoinclude" time="0.001"/>
  <testcase classname="info.bliki.wiki.filter.TemplateFilterTest" name="testInvalidOnlyinclude" time="0.001"/>
  <testcase classname="info.bliki.wiki.filter.TemplateFilterTest" name="testTemplateCall2" time="0.001"/>
  <testcase classname="info.bliki.wiki.filter.TemplateFilterTest" name="testParserFunctionTag001" time="0.002"/>
  <testcase classname="info.bliki.wiki.filter.TemplateFilterTest" name="testProgrammiersprachen" time="0.017"/>
  <testcase classname="info.bliki.wiki.filter.TemplateFilterTest" name="testRndfracTemplate001" time="0.162"/>
  <testcase classname="info.bliki.wiki.filter.TemplateFilterTest" name="testTemplateParameter01" time="0"/>
  <testcase classname="info.bliki.wiki.filter.TemplateFilterTest" name="testTemplateNavbar" time="0.011"/>
  <testcase classname="info.bliki.wiki.filter.TemplateFilterTest" name="testInvalidIncludeonly" time="0.001"/>
  <testcase classname="info.bliki.wiki.filter.TemplateFilterTest" name="testTemplateNowiki" time="0"/>
  <testcase classname="info.bliki.wiki.filter.TemplateFilterTest" name="testTemplateParameter02" time="0.004"/>
  <testcase classname="info.bliki.wiki.filter.TemplateFilterTest" name="testRndfracTemplate002" time="0.009"/>
  <testcase classname="info.bliki.wiki.filter.TemplateFilterTest" name="testInfoboxProgrammiersprachen" time="0.005"/>
  <testcase classname="info.bliki.wiki.filter.TemplateFilterTest" name="testTemplateCall3" time="0.002"/>
  <testcase classname="info.bliki.wiki.filter.TemplateFilterTest" name="testTemplateMain002" time="0.006"/>
  <testcase classname="info.bliki.wiki.filter.TemplateFilterTest" name="testTemplateParameter03" time="0.005"/>
  <testcase classname="info.bliki.wiki.filter.TemplateFilterTest" name="testUnknownTag001" time="0"/>
  <testcase classname="info.bliki.wiki.filter.TemplateFilterTest" name="testTemplateNavbox" time="0.055"/>
  <testcase classname="info.bliki.wiki.filter.TemplateFilterTest" name="testTemplateSeeAlso" time="0"/>
  <testcase classname="info.bliki.wiki.filter.TemplateFilterTest" name="testNonExistentTemplate" time="0"/>
  <testcase classname="info.bliki.wiki.filter.TemplateFilterTest" name="testIf_image_test" time="0"/>
  <testcase classname="info.bliki.wiki.filter.TemplateFilterTest" name="testTemplateCall4a" time="0"/>
  <testcase classname="info.bliki.wiki.filter.TemplateFilterTest" name="testTemplateCall1" time="0"/>
  <testcase classname="info.bliki.wiki.filter.TemplateFilterTest" name="testTemplateCall5" time="0.009"/>
  <testcase classname="info.bliki.wiki.filter.TemplateFilterTest" name="testTemplateImage1" time="0.001"/>
  <testcase classname="info.bliki.wiki.filter.TemplateFilterTest" name="test11" time="0.001"/>
  <testcase classname="info.bliki.wiki.filter.TemplateFilterTest" name="testTemplateMain" time="0.005"/>
  <testcase classname="info.bliki.wiki.filter.TemplateFilterTest" name="testIssue82_003" time="0.031">
    <failure message="null expected:&lt;10[5]th&gt; but was:&lt;10[4]th&gt;" type="junit.framework.ComparisonFailure">junit.framework.ComparisonFailure: null expected:&lt;10[5]th&gt; but was:&lt;10[4]th&gt;
	at junit.framework.Assert.assertEquals(Assert.java:81)
	at junit.framework.Assert.assertEquals(Assert.java:87)
	at info.bliki.wiki.filter.TemplateFilterTest.testIssue82_003(TemplateFilterTest.java:790)
	at sun.reflect.NativeMethodAccessorImpl.invoke0(Native Method)
	at sun.reflect.NativeMethodAccessorImpl.invoke(NativeMethodAccessorImpl.java:62)
	at sun.reflect.DelegatingMethodAccessorImpl.invoke(DelegatingMethodAccessorImpl.java:43)
	at java.lang.reflect.Method.invoke(Method.java:483)
	at junit.framework.TestCase.runTest(TestCase.java:168)
	at junit.framework.TestCase.runBare(TestCase.java:134)
	at junit.framework.TestResult$1.protect(TestResult.java:110)
	at junit.framework.TestResult.runProtected(TestResult.java:128)
	at junit.framework.TestResult.run(TestResult.java:113)
	at junit.framework.TestCase.run(TestCase.java:124)
	at junit.framework.TestSuite.runTest(TestSuite.java:232)
	at junit.framework.TestSuite.run(TestSuite.java:227)
	at org.junit.internal.runners.JUnit38ClassRunner.run(JUnit38ClassRunner.java:79)
	at org.apache.maven.surefire.junit4.JUnit4Provider.execute(JUnit4Provider.java:252)
	at org.apache.maven.surefire.junit4.JUnit4Provider.executeTestSet(JUnit4Provider.java:141)
	at org.apache.maven.surefire.junit4.JUnit4Provider.invoke(JUnit4Provider.java:112)
	at sun.reflect.NativeMethodAccessorImpl.invoke0(Native Method)
	at sun.reflect.NativeMethodAccessorImpl.invoke(NativeMethodAccessorImpl.java:62)
	at sun.reflect.DelegatingMethodAccessorImpl.invoke(DelegatingMethodAccessorImpl.java:43)
	at java.lang.reflect.Method.invoke(Method.java:483)
	at org.apache.maven.surefire.util.ReflectionUtils.invokeMethodWithArray(ReflectionUtils.java:189)
	at org.apache.maven.surefire.booter.ProviderFactory$ProviderProxy.invoke(ProviderFactory.java:165)
	at org.apache.maven.surefire.booter.ProviderFactory.invokeProvider(ProviderFactory.java:85)
	at org.apache.maven.surefire.booter.ForkedBooter.runSuitesInProcess(ForkedBooter.java:115)
	at org.apache.maven.surefire.booter.ForkedBooter.main(ForkedBooter.java:75)
</failure>
  </testcase>
  <testcase classname="info.bliki.wiki.filter.TemplateFilterTest" name="testIssue82_002" time="0.002"/>
  <testcase classname="info.bliki.wiki.filter.TemplateFilterTest" name="testIssue81" time="0.004">
    <failure message="null expected:&lt;
&lt;p&gt;10[4]&lt;/p&gt;&gt; but was:&lt;
&lt;p&gt;10[3]&lt;/p&gt;&gt;" type="junit.framework.ComparisonFailure">junit.framework.ComparisonFailure: null expected:&lt;
&lt;p&gt;10[4]&lt;/p&gt;&gt; but was:&lt;
&lt;p&gt;10[3]&lt;/p&gt;&gt;
	at junit.framework.Assert.assertEquals(Assert.java:81)
	at junit.framework.Assert.assertEquals(Assert.java:87)
	at info.bliki.wiki.filter.TemplateFilterTest.testIssue81(TemplateFilterTest.java:778)
	at sun.reflect.NativeMethodAccessorImpl.invoke0(Native Method)
	at sun.reflect.NativeMethodAccessorImpl.invoke(NativeMethodAccessorImpl.java:62)
	at sun.reflect.DelegatingMethodAccessorImpl.invoke(DelegatingMethodAccessorImpl.java:43)
	at java.lang.reflect.Method.invoke(Method.java:483)
	at junit.framework.TestCase.runTest(TestCase.java:168)
	at junit.framework.TestCase.runBare(TestCase.java:134)
	at junit.framework.TestResult$1.protect(TestResult.java:110)
	at junit.framework.TestResult.runProtected(TestResult.java:128)
	at junit.framework.TestResult.run(TestResult.java:113)
	at junit.framework.TestCase.run(TestCase.java:124)
	at junit.framework.TestSuite.runTest(TestSuite.java:232)
	at junit.framework.TestSuite.run(TestSuite.java:227)
	at org.junit.internal.runners.JUnit38ClassRunner.run(JUnit38ClassRunner.java:79)
	at org.apache.maven.surefire.junit4.JUnit4Provider.execute(JUnit4Provider.java:252)
	at org.apache.maven.surefire.junit4.JUnit4Provider.executeTestSet(JUnit4Provider.java:141)
	at org.apache.maven.surefire.junit4.JUnit4Provider.invoke(JUnit4Provider.java:112)
	at sun.reflect.NativeMethodAccessorImpl.invoke0(Native Method)
	at sun.reflect.NativeMethodAccessorImpl.invoke(NativeMethodAccessorImpl.java:62)
	at sun.reflect.DelegatingMethodAccessorImpl.invoke(DelegatingMethodAccessorImpl.java:43)
	at java.lang.reflect.Method.invoke(Method.java:483)
	at org.apache.maven.surefire.util.ReflectionUtils.invokeMethodWithArray(ReflectionUtils.java:189)
	at org.apache.maven.surefire.booter.ProviderFactory$ProviderProxy.invoke(ProviderFactory.java:165)
	at org.apache.maven.surefire.booter.ProviderFactory.invokeProvider(ProviderFactory.java:85)
	at org.apache.maven.surefire.booter.ForkedBooter.runSuitesInProcess(ForkedBooter.java:115)
	at org.apache.maven.surefire.booter.ForkedBooter.main(ForkedBooter.java:75)
</failure>
  </testcase>
  <testcase classname="info.bliki.wiki.filter.TemplateFilterTest" name="testIssue82_001" time="0.003">
    <failure message="null expected:&lt;10[5]&gt; but was:&lt;10[4]&gt;" type="junit.framework.ComparisonFailure">junit.framework.ComparisonFailure: null expected:&lt;10[5]&gt; but was:&lt;10[4]&gt;
	at junit.framework.Assert.assertEquals(Assert.java:81)
	at junit.framework.Assert.assertEquals(Assert.java:87)
	at info.bliki.wiki.filter.TemplateFilterTest.testIssue82_001(TemplateFilterTest.java:782)
	at sun.reflect.NativeMethodAccessorImpl.invoke0(Native Method)
	at sun.reflect.NativeMethodAccessorImpl.invoke(NativeMethodAccessorImpl.java:62)
	at sun.reflect.DelegatingMethodAccessorImpl.invoke(DelegatingMethodAccessorImpl.java:43)
	at java.lang.reflect.Method.invoke(Method.java:483)
	at junit.framework.TestCase.runTest(TestCase.java:168)
	at junit.framework.TestCase.runBare(TestCase.java:134)
	at junit.framework.TestResult$1.protect(TestResult.java:110)
	at junit.framework.TestResult.runProtected(TestResult.java:128)
	at junit.framework.TestResult.run(TestResult.java:113)
	at junit.framework.TestCase.run(TestCase.java:124)
	at junit.framework.TestSuite.runTest(TestSuite.java:232)
	at junit.framework.TestSuite.run(TestSuite.java:227)
	at org.junit.internal.runners.JUnit38ClassRunner.run(JUnit38ClassRunner.java:79)
	at org.apache.maven.surefire.junit4.JUnit4Provider.execute(JUnit4Provider.java:252)
	at org.apache.maven.surefire.junit4.JUnit4Provider.executeTestSet(JUnit4Provider.java:141)
	at org.apache.maven.surefire.junit4.JUnit4Provider.invoke(JUnit4Provider.java:112)
	at sun.reflect.NativeMethodAccessorImpl.invoke0(Native Method)
	at sun.reflect.NativeMethodAccessorImpl.invoke(NativeMethodAccessorImpl.java:62)
	at sun.reflect.DelegatingMethodAccessorImpl.invoke(DelegatingMethodAccessorImpl.java:43)
	at java.lang.reflect.Method.invoke(Method.java:483)
	at org.apache.maven.surefire.util.ReflectionUtils.invokeMethodWithArray(ReflectionUtils.java:189)
	at org.apache.maven.surefire.booter.ProviderFactory$ProviderProxy.invoke(ProviderFactory.java:165)
	at org.apache.maven.surefire.booter.ProviderFactory.invokeProvider(ProviderFactory.java:85)
	at org.apache.maven.surefire.booter.ForkedBooter.runSuitesInProcess(ForkedBooter.java:115)
	at org.apache.maven.surefire.booter.ForkedBooter.main(ForkedBooter.java:75)
</failure>
  </testcase>
  <testcase classname="info.bliki.wiki.filter.TemplateFilterTest" name="testTemplate06" time="0.001"/>
  <testcase classname="info.bliki.wiki.filter.TemplateFilterTest" name="testTemplate07" time="0"/>
  <testcase classname="info.bliki.wiki.filter.TemplateFilterTest" name="testTemplate10" time="0"/>
  <testcase classname="info.bliki.wiki.filter.TemplateFilterTest" name="testTemplate12" time="0.004"/>
  <testcase classname="info.bliki.wiki.filter.TemplateFilterTest" name="testNavbox" time="0.015"/>
  <testcase classname="info.bliki.wiki.filter.TemplateFilterTest" name="testTemplate09" time="0"/>
  <testcase classname="info.bliki.wiki.filter.TemplateFilterTest" name="testPipe002" time="0.002"/>
  <testcase classname="info.bliki.wiki.filter.TemplateFilterTest" name="testPipe003" time="0"/>
  <testcase classname="info.bliki.wiki.filter.TemplateFilterTest" name="testTemplate05" time="0"/>
  <testcase classname="info.bliki.wiki.filter.TemplateFilterTest" name="testMONTHNAME" time="0.003"/>
  <testcase classname="info.bliki.wiki.filter.TemplateFilterTest" name="testSwitch001" time="0"/>
  <testcase classname="info.bliki.wiki.filter.TemplateFilterTest" name="testPipe001" time="0"/>
  <testcase classname="info.bliki.wiki.filter.TemplateFilterTest" name="testFurther" time="0.005"/>
  <testcase classname="info.bliki.wiki.filter.TemplateFilterTest" name="testNestedIf02" time="0"/>
  <testcase classname="info.bliki.wiki.filter.TemplateFilterTest" name="testPipe001a" time="0"/>
  <testcase classname="info.bliki.wiki.filter.TemplateFilterTest" name="testTemplate04" time="0"/>
  <testcase classname="info.bliki.wiki.filter.TemplateFilterTest" name="testMONTHNUMBER" time="0"/>
  <testcase classname="info.bliki.wiki.filter.TemplateFilterTest" name="testIssue77_001" time="0"/>
  <testcase classname="info.bliki.wiki.filter.TemplateFilterTest" name="testIssue77_002" time="0.002"/>
  <testcase classname="info.bliki.wiki.filter.TemplateFilterTest" name="testTemplate08" time="0"/>
  <testcase classname="info.bliki.wiki.filter.TemplateFilterTest" name="testTemplate11" time="0.001"/>
</testsuite>